# JRE version: Java(TM) SE Runtime Environment (7.0_79-b15) (build 1.7.0_79-b15)
# Java VM: Java HotSpot(TM) 64-Bit Server VM (24.79-b02 mixed mode linux-amd64 compressed oops)
Heap
 par new generation   total 153344K, used 142140K [0x00000000b0000000, 0x00000000ba660000, 0x00000000ba660000)
  eden space 136320K,  95% used [0x00000000b0000000, 0x00000000b7fc94d8, 0x00000000b8520000)
  from space 17024K,  66% used [0x00000000b95c0000, 0x00000000ba0c5da8, 0x00000000ba660000)
  to   space 17024K,   0% used [0x00000000b8520000, 0x00000000b8520000, 0x00000000b95c0000)
 concurrent mark-sweep generation total 878208K, used 364263K [0x00000000ba660000, 0x00000000f0000000, 0x00000000f0000000)
 concurrent-mark-sweep perm gen total 262144K, used 162465K [0x00000000f0000000, 0x0000000100000000, 0x0000000100000000)
GC Heap History (10 events):
Event: 168.318 GC heap before
{Heap before GC invocations=78 (full 2):
 par new generation   total 153344K, used 149410K [0x00000000b0000000, 0x00000000ba660000, 0x00000000ba660000)
  eden space 136320K, 100% used [0x00000000b0000000, 0x00000000b8520000, 0x00000000b8520000)
  from space 17024K,  76% used [0x00000000b8520000, 0x00000000b91e8a28, 0x00000000b95c0000)
  to   space 17024K,   0% used [0x00000000b95c0000, 0x00000000b95c0000, 0x00000000ba660000)
 concurrent mark-sweep generation total 878208K, used 351406K [0x00000000ba660000, 0x00000000f0000000, 0x00000000f0000000)
 concurrent-mark-sweep perm gen total 262144K, used 161995K [0x00000000f0000000, 0x0000000100000000, 0x0000000100000000)
Event: 168.374 GC heap after
Heap after GC invocations=79 (full 2):
 par new generation   total 153344K, used 13514K [0x00000000b0000000, 0x00000000ba660000, 0x00000000ba660000)
  eden space 136320K,   0% used [0x00000000b0000000, 0x00000000b0000000, 0x00000000b8520000)
  from space 17024K,  79% used [0x00000000b95c0000, 0x00000000ba2f2a50, 0x00000000ba660000)
  to   space 17024K,   0% used [0x00000000b8520000, 0x00000000b8520000, 0x00000000b95c0000)
 concurrent mark-sweep generation total 878208K, used 354414K [0x00000000ba660000, 0x00000000f0000000, 0x00000000f0000000)
 concurrent-mark-sweep perm gen total 262144K, used 161995K [0x00000000f0000000, 0x0000000100000000, 0x0000000100000000)
}
Event: 173.254 GC heap before
{Heap before GC invocations=79 (full 2):
 par new generation   total 153344K, used 149834K [0x00000000b0000000, 0x00000000ba660000, 0x00000000ba660000)
  eden space 136320K, 100% used [0x00000000b0000000, 0x00000000b8520000, 0x00000000b8520000)
  from space 17024K,  79% used [0x00000000b95c0000, 0x00000000ba2f2a50, 0x00000000ba660000)
  to   space 17024K,   0% used [0x00000000b8520000, 0x00000000b8520000, 0x00000000b95c0000)
 concurrent mark-sweep generation total 878208K, used 354414K [0x00000000ba660000, 0x00000000f0000000, 0x00000000f0000000)
 concurrent-mark-sweep perm gen total 262144K, used 162123K [0x00000000f0000000, 0x0000000100000000, 0x0000000100000000)
Event: 173.309 GC heap after
Heap after GC invocations=80 (full 2):
 par new generation   total 153344K, used 13829K [0x00000000b0000000, 0x00000000ba660000, 0x00000000ba660000)
  eden space 136320K,   0% used [0x00000000b0000000, 0x00000000b0000000, 0x00000000b8520000)
  from space 17024K,  81% used [0x00000000b8520000, 0x00000000b92a1440, 0x00000000b95c0000)
  to   space 17024K,   0% used [0x00000000b95c0000, 0x00000000b95c0000, 0x00000000ba660000)
 concurrent mark-sweep generation total 878208K, used 356719K [0x00000000ba660000, 0x00000000f0000000, 0x00000000f0000000)
 concurrent-mark-sweep perm gen total 262144K, used 162123K [0x00000000f0000000, 0x0000000100000000, 0x0000000100000000)
}
Event: 178.203 GC heap before
{Heap before GC invocations=80 (full 2):
 par new generation   total 153344K, used 150149K [0x00000000b0000000, 0x00000000ba660000, 0x00000000ba660000)
  eden space 136320K, 100% used [0x00000000b0000000, 0x00000000b8520000, 0x00000000b8520000)
  from space 17024K,  81% used [0x00000000b8520000, 0x00000000b92a1440, 0x00000000b95c0000)
  to   space 17024K,   0% used [0x00000000b95c0000, 0x00000000b95c0000, 0x00000000ba660000)
 concurrent mark-sweep generation total 878208K, used 356719K [0x00000000ba660000, 0x00000000f0000000, 0x00000000f0000000)
 concurrent-mark-sweep perm gen total 262144K, used 162201K [0x00000000f0000000, 0x0000000100000000, 0x0000000100000000)
Event: 178.245 GC heap after
Heap after GC invocations=81 (full 2):
 par new generation   total 153344K, used 13847K [0x00000000b0000000, 0x00000000ba660000, 0x00000000ba660000)
  eden space 136320K,   0% used [0x00000000b0000000, 0x00000000b0000000, 0x00000000b8520000)
  from space 17024K,  81% used [0x00000000b95c0000, 0x00000000ba345c70, 0x00000000ba660000)
  to   space 17024K,   0% used [0x00000000b8520000, 0x00000000b8520000, 0x00000000b95c0000)
 concurrent mark-sweep generation total 878208K, used 359623K [0x00000000ba660000, 0x00000000f0000000, 0x00000000f0000000)
 concurrent-mark-sweep perm gen total 262144K, used 162201K [0x00000000f0000000, 0x0000000100000000, 0x0000000100000000)
}
Event: 183.601 GC heap before
{Heap before GC invocations=81 (full 2):
 par new generation   total 153344K, used 150167K [0x00000000b0000000, 0x00000000ba660000, 0x00000000ba660000)
  eden space 136320K, 100% used [0x00000000b0000000, 0x00000000b8520000, 0x00000000b8520000)
  from space 17024K,  81% used [0x00000000b95c0000, 0x00000000ba345c70, 0x00000000ba660000)
  to   space 17024K,   0% used [0x00000000b8520000, 0x00000000b8520000, 0x00000000b95c0000)
 concurrent mark-sweep generation total 878208K, used 359623K [0x00000000ba660000, 0x00000000f0000000, 0x00000000f0000000)
 concurrent-mark-sweep perm gen total 262144K, used 162287K [0x00000000f0000000, 0x0000000100000000, 0x0000000100000000)
Event: 183.639 GC heap after
Heap after GC invocations=82 (full 2):
 par new generation   total 153344K, used 11065K [0x00000000b0000000, 0x00000000ba660000, 0x00000000ba660000)
  eden space 136320K,   0% used [0x00000000b0000000, 0x00000000b0000000, 0x00000000b8520000)
  from space 17024K,  64% used [0x00000000b8520000, 0x00000000b8fee4b0, 0x00000000b95c0000)
  to   space 17024K,   0% used [0x00000000b95c0000, 0x00000000b95c0000, 0x00000000ba660000)
 concurrent mark-sweep generation total 878208K, used 362060K [0x00000000ba660000, 0x00000000f0000000, 0x00000000f0000000)
 concurrent-mark-sweep perm gen total 262144K, used 162287K [0x00000000f0000000, 0x0000000100000000, 0x0000000100000000)
}
Event: 189.079 GC heap before
{Heap before GC invocations=82 (full 2):
 par new generation   total 153344K, used 147385K [0x00000000b0000000, 0x00000000ba660000, 0x00000000ba660000)
  eden space 136320K, 100% used [0x00000000b0000000, 0x00000000b8520000, 0x00000000b8520000)
  from space 17024K,  64% used [0x00000000b8520000, 0x00000000b8fee4b0, 0x00000000b95c0000)
  to   space 17024K,   0% used [0x00000000b95c0000, 0x00000000b95c0000, 0x00000000ba660000)
 concurrent mark-sweep generation total 878208K, used 362060K [0x00000000ba660000, 0x00000000f0000000, 0x00000000f0000000)
 concurrent-mark-sweep perm gen total 262144K, used 162370K [0x00000000f0000000, 0x0000000100000000, 0x0000000100000000)
Event: 189.115 GC heap after
Heap after GC invocations=83 (full 2):
 par new generation   total 153344K, used 11287K [0x00000000b0000000, 0x00000000ba660000, 0x00000000ba660000)
  eden space 136320K,   0% used [0x00000000b0000000, 0x00000000b0000000, 0x00000000b8520000)
  from space 17024K,  66% used [0x00000000b95c0000, 0x00000000ba0c5da8, 0x00000000ba660000)
  to   space 17024K,   0% used [0x00000000b8520000, 0x00000000b8520000, 0x00000000b95c0000)
 concurrent mark-sweep generation total 878208K, used 364263K [0x00000000ba660000, 0x00000000f0000000, 0x00000000f0000000)
 concurrent-mark-sweep perm gen total 262144K, used 162370K [0x00000000f0000000, 0x0000000100000000, 0x0000000100000000)
}

